This is pdfTeX, Version 3.141592653-2.6-1.40.25 (TeX Live 2023) (preloaded format=pdflatex 2024.3.18)  9 APR 2024 09:30
entering extended mode
 restricted \write18 enabled.
 %&-line parsing enabled.
**main.tex
(./main.tex
LaTeX2e <2022-11-01> patch level 1
L3 programming layer <2023-02-22> (./IEEEtran.cls
Document Class: IEEEtran 2007/03/05 V1.7a by Michael Shell
-- See the "IEEEtran_HOWTO" manual for usage information.
-- http://www.michaelshell.org/tex/ieeetran/
\@IEEEtrantmpdimenA=\dimen140
\@IEEEtrantmpdimenB=\dimen141
\@IEEEtrantmpcountA=\count185
\@IEEEtrantmpcountB=\count186
\@IEEEtrantmptoksA=\toks16
LaTeX Font Info:    Trying to load font information for OT1+ptm on input line 3
73.
(/usr/share/texlive/texmf-dist/tex/latex/psnfss/ot1ptm.fd
File: ot1ptm.fd 2001/06/04 font definitions for OT1/ptm.
)
-- Using 8.5in x 11in (letter) paper.
-- Using PDF output.
\@IEEEnormalsizeunitybaselineskip=\dimen142
-- This is a 10 point document.
\CLASSINFOnormalsizebaselineskip=\dimen143
\CLASSINFOnormalsizeunitybaselineskip=\dimen144
\IEEEnormaljot=\dimen145
LaTeX Font Info:    Font shape `OT1/ptm/bx/n' in size <5> not available
(Font)              Font shape `OT1/ptm/b/n' tried instead on input line 731.
LaTeX Font Info:    Font shape `OT1/ptm/bx/it' in size <5> not available
(Font)              Font shape `OT1/ptm/b/it' tried instead on input line 731.
LaTeX Font Info:    Font shape `OT1/ptm/bx/n' in size <7> not available
(Font)              Font shape `OT1/ptm/b/n' tried instead on input line 731.
LaTeX Font Info:    Font shape `OT1/ptm/bx/it' in size <7> not available
(Font)              Font shape `OT1/ptm/b/it' tried instead on input line 731.
LaTeX Font Info:    Font shape `OT1/ptm/bx/n' in size <8> not available
(Font)              Font shape `OT1/ptm/b/n' tried instead on input line 731.
LaTeX Font Info:    Font shape `OT1/ptm/bx/it' in size <8> not available
(Font)              Font shape `OT1/ptm/b/it' tried instead on input line 731.
LaTeX Font Info:    Font shape `OT1/ptm/bx/n' in size <9> not available
(Font)              Font shape `OT1/ptm/b/n' tried instead on input line 731.
LaTeX Font Info:    Font shape `OT1/ptm/bx/it' in size <9> not available
(Font)              Font shape `OT1/ptm/b/it' tried instead on input line 731.
LaTeX Font Info:    Font shape `OT1/ptm/bx/n' in size <10> not available
(Font)              Font shape `OT1/ptm/b/n' tried instead on input line 731.
LaTeX Font Info:    Font shape `OT1/ptm/bx/it' in size <10> not available
(Font)              Font shape `OT1/ptm/b/it' tried instead on input line 731.
LaTeX Font Info:    Font shape `OT1/ptm/bx/n' in size <11> not available
(Font)              Font shape `OT1/ptm/b/n' tried instead on input line 731.
LaTeX Font Info:    Font shape `OT1/ptm/bx/it' in size <11> not available
(Font)              Font shape `OT1/ptm/b/it' tried instead on input line 731.
LaTeX Font Info:    Font shape `OT1/ptm/bx/n' in size <12> not available
(Font)              Font shape `OT1/ptm/b/n' tried instead on input line 731.
LaTeX Font Info:    Font shape `OT1/ptm/bx/it' in size <12> not available
(Font)              Font shape `OT1/ptm/b/it' tried instead on input line 731.
LaTeX Font Info:    Font shape `OT1/ptm/bx/n' in size <17> not available
(Font)              Font shape `OT1/ptm/b/n' tried instead on input line 731.
LaTeX Font Info:    Font shape `OT1/ptm/bx/it' in size <17> not available
(Font)              Font shape `OT1/ptm/b/it' tried instead on input line 731.
LaTeX Font Info:    Font shape `OT1/ptm/bx/n' in size <20> not available
(Font)              Font shape `OT1/ptm/b/n' tried instead on input line 731.
LaTeX Font Info:    Font shape `OT1/ptm/bx/it' in size <20> not available
(Font)              Font shape `OT1/ptm/b/it' tried instead on input line 731.
LaTeX Font Info:    Font shape `OT1/ptm/bx/n' in size <24> not available
(Font)              Font shape `OT1/ptm/b/n' tried instead on input line 731.
LaTeX Font Info:    Font shape `OT1/ptm/bx/it' in size <24> not available
(Font)              Font shape `OT1/ptm/b/it' tried instead on input line 731.
\IEEEilabelindentA=\dimen146
\IEEEilabelindentB=\dimen147
\IEEEilabelindent=\dimen148
\IEEEelabelindent=\dimen149
\IEEEdlabelindent=\dimen150
\IEEElabelindent=\dimen151
\IEEEiednormlabelsep=\dimen152
\IEEEiedmathlabelsep=\dimen153
\IEEEiedtopsep=\skip48
\c@section=\count187
\c@subsection=\count188
\c@subsubsection=\count189
\c@paragraph=\count190
\c@IEEEsubequation=\count191
\abovecaptionskip=\skip49
\belowcaptionskip=\skip50
\c@figure=\count192
\c@table=\count193
\@IEEEeqnnumcols=\count194
\@IEEEeqncolcnt=\count195
\@IEEEtmpitemindent=\dimen154
\c@IEEEbiography=\count196
\@IEEEtranrubishbin=\box51
) (/usr/share/texlive/texmf-dist/tex/latex/graphics/graphicx.sty
Package: graphicx 2021/09/16 v1.2d Enhanced LaTeX Graphics (DPC,SPQR)

(/usr/share/texlive/texmf-dist/tex/latex/graphics/keyval.sty
Package: keyval 2022/05/29 v1.15 key=value parser (DPC)
\KV@toks@=\toks17
)
(/usr/share/texlive/texmf-dist/tex/latex/graphics/graphics.sty
Package: graphics 2022/03/10 v1.4e Standard LaTeX Graphics (DPC,SPQR)

(/usr/share/texlive/texmf-dist/tex/latex/graphics/trig.sty
Package: trig 2021/08/11 v1.11 sin cos tan (DPC)
)
(/usr/share/texlive/texmf-dist/tex/latex/graphics-cfg/graphics.cfg
File: graphics.cfg 2016/06/04 v1.11 sample graphics configuration
)
Package graphics Info: Driver file: dvips.def on input line 107.

(/usr/share/texlive/texmf-dist/tex/latex/graphics-def/dvips.def
File: dvips.def 2022/09/22 v3.1e Graphics/color driver for dvips
))
\Gin@req@height=\dimen155
\Gin@req@width=\dimen156
)
(/usr/share/texlive/texmf-dist/tex/latex/xcolor/xcolor.sty
Package: xcolor 2022/06/12 v2.14 LaTeX color extensions (UK)

(/usr/share/texlive/texmf-dist/tex/latex/graphics-cfg/color.cfg
File: color.cfg 2016/01/02 v1.6 sample color configuration
)
Package xcolor Info: Driver file: pdftex.def on input line 227.

(/usr/share/texlive/texmf-dist/tex/latex/graphics-def/pdftex.def
File: pdftex.def 2022/09/22 v1.2b Graphics/color driver for pdftex
)
(/usr/share/texlive/texmf-dist/tex/latex/graphics/mathcolor.ltx)
Package xcolor Info: Model `cmy' substituted by `cmy0' on input line 1353.
Package xcolor Info: Model `RGB' extended on input line 1369.
Package xcolor Info: Model `HTML' substituted by `rgb' on input line 1371.
Package xcolor Info: Model `Hsb' substituted by `hsb' on input line 1372.
Package xcolor Info: Model `tHsb' substituted by `hsb' on input line 1373.
Package xcolor Info: Model `HSB' substituted by `hsb' on input line 1374.
Package xcolor Info: Model `Gray' substituted by `gray' on input line 1375.
Package xcolor Info: Model `wave' substituted by `hsb' on input line 1376.
)
(/usr/share/texlive/texmf-dist/tex/latex/cite/cite.sty
LaTeX Info: Redefining \cite on input line 302.
LaTeX Info: Redefining \nocite on input line 332.
Package: cite 2015/02/27  v 5.5
)
(/usr/share/texlive/texmf-dist/tex/latex/tools/array.sty
Package: array 2022/09/04 v2.5g Tabular extension package (FMi)
\col@sep=\dimen157
\ar@mcellbox=\box52
\extrarowheight=\dimen158
\NC@list=\toks18
\extratabsurround=\skip51
\backup@length=\skip52
\ar@cellbox=\box53
)
(/usr/share/texlive/texmf-dist/tex/latex/makecell/makecell.sty
Package: makecell 2009/08/03 V0.1e Managing of Tab Column Heads and Cells
\rotheadsize=\dimen159
\c@nlinenum=\count197
\TeXr@lab=\toks19
)
(/usr/share/texlive/texmf-dist/tex/latex/subfig/subfig.sty
Package: subfig 2005/06/28 ver: 1.3 subfig package

(/usr/share/texlive/texmf-dist/tex/latex/caption/caption.sty
Package: caption 2023/03/12 v3.6j Customizing captions (AR)

(/usr/share/texlive/texmf-dist/tex/latex/caption/caption3.sty
Package: caption3 2023/03/12 v2.4 caption3 kernel (AR)
\caption@tempdima=\dimen160
\captionmargin=\dimen161
\caption@leftmargin=\dimen162
\caption@rightmargin=\dimen163
\caption@width=\dimen164
\caption@indent=\dimen165
\caption@parindent=\dimen166
\caption@hangindent=\dimen167
Package caption Info: Unknown document class (or package),
(caption)             standard defaults will be used.
Package caption Info: \@makecaption = \long macro:#1#2->\ifx \@captype \@IEEEta
blestring \footnotesize \begin {center}{\normalfont \footnotesize #1}\\{\normal
font \footnotesize \scshape #2}\end {center}\@IEEEtablecaptionsepspace \else \@
IEEEfigurecaptionsepspace \setbox \@tempboxa \hbox {\normalfont \footnotesize {
#1.}~~ #2}\ifdim \wd \@tempboxa >\hsize \setbox \@tempboxa \hbox {\normalfont \
footnotesize {#1.}~~ }\parbox [t]{\hsize }{\normalfont \footnotesize \noindent 
\unhbox \@tempboxa #2}\else \ifCLASSOPTIONconference \hbox to\hsize {\normalfon
t \footnotesize \hfil \box \@tempboxa \hfil }\else \hbox to\hsize {\normalfont 
\footnotesize \box \@tempboxa \hfil }\fi \fi \fi  on input line 1176.
)

Package caption Warning: Unknown document class (or package),
(caption)                standard defaults will be used.
See the caption package documentation for explanation.

\c@caption@flags=\count198
\c@continuedfloat=\count199
)
\c@KVtest=\count266
\sf@farskip=\skip53
\sf@captopadj=\dimen168
\sf@capskip=\skip54
\sf@nearskip=\skip55
\c@subfigure=\count267
\c@subfigure@save=\count268
\c@lofdepth=\count269
\c@subtable=\count270
\c@subtable@save=\count271
\c@lotdepth=\count272
\sf@top=\skip56
\sf@bottom=\skip57
) (/usr/share/texlive/texmf-dist/tex/latex/amsmath/amsmath.sty
Package: amsmath 2022/04/08 v2.17n AMS math features
\@mathmargin=\skip58

For additional information on amsmath, use the `?' option.
(/usr/share/texlive/texmf-dist/tex/latex/amsmath/amstext.sty
Package: amstext 2021/08/26 v2.01 AMS text

(/usr/share/texlive/texmf-dist/tex/latex/amsmath/amsgen.sty
File: amsgen.sty 1999/11/30 v2.0 generic functions
\@emptytoks=\toks20
\ex@=\dimen169
))
(/usr/share/texlive/texmf-dist/tex/latex/amsmath/amsbsy.sty
Package: amsbsy 1999/11/29 v1.2d Bold Symbols
\pmbraise@=\dimen170
)
(/usr/share/texlive/texmf-dist/tex/latex/amsmath/amsopn.sty
Package: amsopn 2022/04/08 v2.04 operator names
)
\inf@bad=\count273
LaTeX Info: Redefining \frac on input line 234.
\uproot@=\count274
\leftroot@=\count275
LaTeX Info: Redefining \overline on input line 399.
LaTeX Info: Redefining \colon on input line 410.
\classnum@=\count276
\DOTSCASE@=\count277
LaTeX Info: Redefining \ldots on input line 496.
LaTeX Info: Redefining \dots on input line 499.
LaTeX Info: Redefining \cdots on input line 620.
\Mathstrutbox@=\box54
\strutbox@=\box55
LaTeX Info: Redefining \big on input line 722.
LaTeX Info: Redefining \Big on input line 723.
LaTeX Info: Redefining \bigg on input line 724.
LaTeX Info: Redefining \Bigg on input line 725.
\big@size=\dimen171
LaTeX Font Info:    Redeclaring font encoding OML on input line 743.
LaTeX Font Info:    Redeclaring font encoding OMS on input line 744.
\macc@depth=\count278
LaTeX Info: Redefining \bmod on input line 905.
LaTeX Info: Redefining \pmod on input line 910.
LaTeX Info: Redefining \smash on input line 940.
LaTeX Info: Redefining \relbar on input line 970.
LaTeX Info: Redefining \Relbar on input line 971.
\c@MaxMatrixCols=\count279
\dotsspace@=\muskip16
\c@parentequation=\count280
\dspbrk@lvl=\count281
\tag@help=\toks21
\row@=\count282
\column@=\count283
\maxfields@=\count284
\andhelp@=\toks22
\eqnshift@=\dimen172
\alignsep@=\dimen173
\tagshift@=\dimen174
\tagwidth@=\dimen175
\totwidth@=\dimen176
\lineht@=\dimen177
\@envbody=\toks23
\multlinegap=\skip59
\multlinetaggap=\skip60
\mathdisplay@stack=\toks24
LaTeX Info: Redefining \[ on input line 2953.
LaTeX Info: Redefining \] on input line 2954.
)
(/usr/share/texlive/texmf-dist/tex/latex/l3backend/l3backend-pdftex.def
File: l3backend-pdftex.def 2023-01-16 L3 backend support: PDF output (pdfTeX)
\l__color_backend_stack_int=\count285
\l__pdf_internal_box=\box56
)
(./main.aux

LaTeX Warning: Label `table1' multiply defined.

)
\openout1 = `main.aux'.

LaTeX Font Info:    Checking defaults for OML/cmm/m/it on input line 14.
LaTeX Font Info:    ... okay on input line 14.
LaTeX Font Info:    Checking defaults for OMS/cmsy/m/n on input line 14.
LaTeX Font Info:    ... okay on input line 14.
LaTeX Font Info:    Checking defaults for OT1/cmr/m/n on input line 14.
LaTeX Font Info:    ... okay on input line 14.
LaTeX Font Info:    Checking defaults for T1/cmr/m/n on input line 14.
LaTeX Font Info:    ... okay on input line 14.
LaTeX Font Info:    Checking defaults for TS1/cmr/m/n on input line 14.
LaTeX Font Info:    ... okay on input line 14.
LaTeX Font Info:    Checking defaults for OMX/cmex/m/n on input line 14.
LaTeX Font Info:    ... okay on input line 14.
LaTeX Font Info:    Checking defaults for U/cmr/m/n on input line 14.
LaTeX Font Info:    ... okay on input line 14.
 (/usr/share/texlive/texmf-dist/tex/context/base/mkii/supp-pdf.mkii
[Loading MPS to PDF converter (version 2006.09.02).]
\scratchcounter=\count286
\scratchdimen=\dimen178
\scratchbox=\box57
\nofMPsegments=\count287
\nofMParguments=\count288
\everyMPshowfont=\toks25
\MPscratchCnt=\count289
\MPscratchDim=\dimen179
\MPnumerator=\count290
\makeMPintoPDFobject=\count291
\everyMPtoPDFconversion=\toks26
) (/usr/share/texlive/texmf-dist/tex/latex/epstopdf-pkg/epstopdf-base.sty
Package: epstopdf-base 2020-01-24 v2.11 Base part for package epstopdf

(/usr/share/texlive/texmf-dist/tex/generic/infwarerr/infwarerr.sty
Package: infwarerr 2019/12/03 v1.5 Providing info/warning/error messages (HO)
)
(/usr/share/texlive/texmf-dist/tex/latex/grfext/grfext.sty
Package: grfext 2019/12/03 v1.3 Manage graphics extensions (HO)

(/usr/share/texlive/texmf-dist/tex/generic/kvdefinekeys/kvdefinekeys.sty
Package: kvdefinekeys 2019-12-19 v1.6 Define keys (HO)
))
(/usr/share/texlive/texmf-dist/tex/latex/kvoptions/kvoptions.sty
Package: kvoptions 2022-06-15 v3.15 Key value format for package options (HO)

(/usr/share/texlive/texmf-dist/tex/generic/ltxcmds/ltxcmds.sty
Package: ltxcmds 2020-05-10 v1.25 LaTeX kernel commands for general use (HO)
)
(/usr/share/texlive/texmf-dist/tex/latex/kvsetkeys/kvsetkeys.sty
Package: kvsetkeys 2022-10-05 v1.19 Key value parser (HO)
))
(/usr/share/texlive/texmf-dist/tex/generic/pdftexcmds/pdftexcmds.sty
Package: pdftexcmds 2020-06-27 v0.33 Utility functions of pdfTeX for LuaTeX (HO
)

(/usr/share/texlive/texmf-dist/tex/generic/iftex/iftex.sty
Package: iftex 2022/02/03 v1.0f TeX engine tests
)
Package pdftexcmds Info: \pdf@primitive is available.
Package pdftexcmds Info: \pdf@ifprimitive is available.
Package pdftexcmds Info: \pdfdraftmode found.
)
Package epstopdf-base Info: Redefining graphics rule for `.eps' on input line 4
85.
Package grfext Info: Graphics extension search list:
(grfext)             [.pdf,.png,.jpg,.mps,.jpeg,.jbig2,.jb2,.PDF,.PNG,.JPG,.JPE
G,.JBIG2,.JB2,.eps]
(grfext)             \AppendGraphicsExtensions on input line 504.

(/usr/share/texlive/texmf-dist/tex/latex/latexconfig/epstopdf-sys.cfg
File: epstopdf-sys.cfg 2010/07/13 v1.3 Configuration of (r)epstopdf for TeX Liv
e
))
Package caption Info: Begin \AtBeginDocument code.
Package caption Info: subfig package v1.3 is loaded.
Package caption Info: End \AtBeginDocument code.
LaTeX Font Info:    External font `cmex10' loaded for size
(Font)              <7> on input line 41.
LaTeX Font Info:    External font `cmex10' loaded for size
(Font)              <5> on input line 41.
LaTeX Font Info:    External font `cmex10' loaded for size
(Font)              <8> on input line 65.
LaTeX Font Info:    External font `cmex10' loaded for size
(Font)              <6> on input line 65.


LaTeX Warning: `!h' float specifier changed to `!ht'.

[1
Non-PDF special ignored!
<special> papersize=614.295pt,794.96999pt
{/var/lib/texmf/fonts/map/pdftex/updmap/pdftex.map}{/usr/share/texlive/texmf-di
st/fonts/enc/dvips/base/8r.enc}


]
Package epstopdf Info: Source file: <DUAL+TRIPLE.eps>
(epstopdf)                    date: 2024-04-09 07:24:06
(epstopdf)                    size: 50152 bytes
(epstopdf)             Output file: <DUAL+TRIPLE-eps-converted-to.pdf>
(epstopdf)                    date: 2024-04-09 09:29:26
(epstopdf)                    size: 18003 bytes
(epstopdf)             Command: <repstopdf --outfile=DUAL+TRIPLE-eps-converted-
to.pdf DUAL+TRIPLE.eps>
(epstopdf)             \includegraphics on input line 103.
Package epstopdf Info: Output file is already uptodate.
<DUAL+TRIPLE-eps-converted-to.pdf, id=13, 391.4625pt x 490.83376pt>
File: DUAL+TRIPLE-eps-converted-to.pdf Graphic file (type pdf)
<use DUAL+TRIPLE-eps-converted-to.pdf>
Package pdftex.def Info: DUAL+TRIPLE-eps-converted-to.pdf  used on input line 1
03.
(pdftex.def)             Requested size: 216.81pt x 271.84676pt.
Package epstopdf Info: Source file: <IC_3D_STD_CELL.eps>
(epstopdf)                    date: 2024-04-09 07:24:06
(epstopdf)                    size: 24133 bytes
(epstopdf)             Output file: <IC_3D_STD_CELL-eps-converted-to.pdf>
(epstopdf)                    date: 2024-04-09 09:29:26
(epstopdf)                    size: 9385 bytes
(epstopdf)             Command: <repstopdf --outfile=IC_3D_STD_CELL-eps-convert
ed-to.pdf IC_3D_STD_CELL.eps>
(epstopdf)             \includegraphics on input line 114.
Package epstopdf Info: Output file is already uptodate.
<IC_3D_STD_CELL-eps-converted-to.pdf, id=14, 401.5pt x 346.29375pt>
File: IC_3D_STD_CELL-eps-converted-to.pdf Graphic file (type pdf)
<use IC_3D_STD_CELL-eps-converted-to.pdf>
Package pdftex.def Info: IC_3D_STD_CELL-eps-converted-to.pdf  used on input lin
e 114.
(pdftex.def)             Requested size: 180.67499pt x 155.83601pt.
Package epstopdf Info: Source file: <SCS_DW.eps>
(epstopdf)                    date: 2024-04-09 07:24:06
(epstopdf)                    size: 55358 bytes
(epstopdf)             Output file: <SCS_DW-eps-converted-to.pdf>
(epstopdf)                    date: 2024-04-09 09:29:26
(epstopdf)                    size: 19025 bytes
(epstopdf)             Command: <repstopdf --outfile=SCS_DW-eps-converted-to.pd
f SCS_DW.eps>
(epstopdf)             \includegraphics on input line 121.
Package epstopdf Info: Output file is already uptodate.
<SCS_DW-eps-converted-to.pdf, id=15, 493.845pt x 698.61pt>
File: SCS_DW-eps-converted-to.pdf Graphic file (type pdf)
<use SCS_DW-eps-converted-to.pdf>
Package pdftex.def Info: SCS_DW-eps-converted-to.pdf  used on input line 121.
(pdftex.def)             Requested size: 180.67499pt x 255.58215pt.
 [2 <./DUAL+TRIPLE-eps-converted-to.pdf> <./IC_3D_STD_CELL-eps-converted-to.pdf
>]
Package epstopdf Info: Source file: <SCS_TW.eps>
(epstopdf)                    date: 2024-04-09 07:24:06
(epstopdf)                    size: 60013 bytes
(epstopdf)             Output file: <SCS_TW-eps-converted-to.pdf>
(epstopdf)                    date: 2024-04-09 09:29:27
(epstopdf)                    size: 19748 bytes
(epstopdf)             Command: <repstopdf --outfile=SCS_TW-eps-converted-to.pd
f SCS_TW.eps>
(epstopdf)             \includegraphics on input line 134.
Package epstopdf Info: Output file is already uptodate.
<SCS_TW-eps-converted-to.pdf, id=35, 490.83376pt x 710.655pt>
File: SCS_TW-eps-converted-to.pdf Graphic file (type pdf)
<use SCS_TW-eps-converted-to.pdf>
Package pdftex.def Info: SCS_TW-eps-converted-to.pdf  used on input line 134.
(pdftex.def)             Requested size: 180.67499pt x 261.58276pt.
<NEGATIVE_COMP.pdf, id=36, 453.09456pt x 626.98602pt>
File: NEGATIVE_COMP.pdf Graphic file (type pdf)
<use NEGATIVE_COMP.pdf>
Package pdftex.def Info: NEGATIVE_COMP.pdf  used on input line 157.
(pdftex.def)             Requested size: 433.62pt x 600.07245pt.
<POSITIVE_COMP.pdf, id=37, 449.15907pt x 626.98602pt>
File: POSITIVE_COMP.pdf Graphic file (type pdf)
<use POSITIVE_COMP.pdf>
Package pdftex.def Info: POSITIVE_COMP.pdf  used on input line 164.
(pdftex.def)             Requested size: 433.62pt x 605.29605pt.
Package epstopdf Info: Source file: <neg_path_comp.eps>
(epstopdf)                    date: 2024-04-09 07:24:10
(epstopdf)                    size: 79772 bytes
(epstopdf)             Output file: <neg_path_comp-eps-converted-to.pdf>
(epstopdf)                    date: 2024-04-09 09:29:27
(epstopdf)                    size: 24226 bytes
(epstopdf)             Command: <repstopdf --outfile=neg_path_comp-eps-converte
d-to.pdf neg_path_comp.eps>
(epstopdf)             \includegraphics on input line 171.
Package epstopdf Info: Output file is already uptodate.
<neg_path_comp-eps-converted-to.pdf, id=38, 987.69pt x 710.655pt>
File: neg_path_comp-eps-converted-to.pdf Graphic file (type pdf)
<use neg_path_comp-eps-converted-to.pdf>
Package pdftex.def Info: neg_path_comp-eps-converted-to.pdf  used on input line
 171.
(pdftex.def)             Requested size: 238.49121pt x 171.59084pt.
Package epstopdf Info: Source file: <pos_path_comp.eps>
(epstopdf)                    date: 2024-04-09 07:24:10
(epstopdf)                    size: 79285 bytes
(epstopdf)             Output file: <pos_path_comp-eps-converted-to.pdf>
(epstopdf)                    date: 2024-04-09 09:29:27
(epstopdf)                    size: 24116 bytes
(epstopdf)             Command: <repstopdf --outfile=pos_path_comp-eps-converte
d-to.pdf pos_path_comp.eps>
(epstopdf)             \includegraphics on input line 178.
Package epstopdf Info: Output file is already uptodate.
<pos_path_comp-eps-converted-to.pdf, id=39, 987.69pt x 710.655pt>
File: pos_path_comp-eps-converted-to.pdf Graphic file (type pdf)
<use pos_path_comp-eps-converted-to.pdf>
Package pdftex.def Info: pos_path_comp-eps-converted-to.pdf  used on input line
 178.
(pdftex.def)             Requested size: 238.49121pt x 171.59084pt.
 [3 <./SCS_DW-eps-converted-to.pdf> <./SCS_TW-eps-converted-to.pdf>] [4 <./NEGA
TIVE_COMP.pdf>] [5 <./POSITIVE_COMP.pdf>]
LaTeX Info: Symbol \textnumero not provided by
            font family ptm in TS1 encoding.
            Default family used instead on input line 219.
LaTeX Info: Symbol \textnumero not provided by
            font family ptm in TS1 encoding.
            Default family used instead on input line 220.
LaTeX Info: Symbol \textnumero not provided by
            font family ptm in TS1 encoding.
            Default family used instead on input line 223.
LaTeX Info: Symbol \textnumero not provided by
            font family ptm in TS1 encoding.
            Default family used instead on input line 224.

[6 <./neg_path_comp-eps-converted-to.pdf> <./pos_path_comp-eps-converted-to.pdf
>]
LaTeX Info: Symbol \textnumero not provided by
            font family ptm in TS1 encoding.
            Default family used instead on input line 293.
Package epstopdf Info: Source file: <EPI_VOLT_TR_du.eps>
(epstopdf)                    date: 2024-04-09 07:24:06
(epstopdf)                    size: 1273697 bytes
(epstopdf)             Output file: <EPI_VOLT_TR_du-eps-converted-to.pdf>
(epstopdf)                    date: 2024-04-09 09:29:28
(epstopdf)                    size: 109970 bytes
(epstopdf)             Command: <repstopdf --outfile=EPI_VOLT_TR_du-eps-convert
ed-to.pdf EPI_VOLT_TR_du.eps>
(epstopdf)             \includegraphics on input line 297.
Package epstopdf Info: Output file is already uptodate.
<EPI_VOLT_TR_du-eps-converted-to.pdf, id=532, 362.35374pt x 545.03625pt>
File: EPI_VOLT_TR_du-eps-converted-to.pdf Graphic file (type pdf)
<use EPI_VOLT_TR_du-eps-converted-to.pdf>
Package pdftex.def Info: EPI_VOLT_TR_du-eps-converted-to.pdf  used on input lin
e 297.
(pdftex.def)             Requested size: 216.81pt x 326.11777pt.
Package epstopdf Info: Source file: <triple-well-grossier-negatif.eps>
(epstopdf)                    date: 2024-04-09 07:24:06
(epstopdf)                    size: 22925 bytes
(epstopdf)             Output file: <triple-well-grossier-negatif-eps-converted
-to.pdf>
(epstopdf)                    date: 2024-04-09 09:29:28
(epstopdf)                    size: 9549 bytes
(epstopdf)             Command: <repstopdf --outfile=triple-well-grossier-negat
if-eps-converted-to.pdf triple-well-grossier-negatif.eps>
(epstopdf)             \includegraphics on input line 303.
Package epstopdf Info: Output file is already uptodate.
<triple-well-grossier-negatif-eps-converted-to.pdf, id=533, 435.6275pt x 714.67
pt>
File: triple-well-grossier-negatif-eps-converted-to.pdf Graphic file (type pdf)

<use triple-well-grossier-negatif-eps-converted-to.pdf>
Package pdftex.def Info: triple-well-grossier-negatif-eps-converted-to.pdf  use
d on input line 303.
(pdftex.def)             Requested size: 180.67499pt x 296.39713pt.
 [7{/usr/share/texlive/texmf-dist/fonts/enc/dvips/cm-super/cm-super-ts1.enc}] [
8 <./EPI_VOLT_TR_du-eps-converted-to.pdf> <./triple-well-grossier-negatif-eps-c
onverted-to.pdf>]
Package epstopdf Info: Source file: <STM32_IR_ANN.eps>
(epstopdf)                    date: 2024-04-09 07:24:06
(epstopdf)                    size: 25924551 bytes
(epstopdf)             Output file: <STM32_IR_ANN-eps-converted-to.pdf>
(epstopdf)                    date: 2024-04-09 09:29:38
(epstopdf)                    size: 7603329 bytes
(epstopdf)             Command: <repstopdf --outfile=STM32_IR_ANN-eps-converted
-to.pdf STM32_IR_ANN.eps>
(epstopdf)             \includegraphics on input line 358.
Package epstopdf Info: Output file is already uptodate.
<STM32_IR_ANN-eps-converted-to.pdf, id=561, 13045.73875pt x 8711.54625pt>
File: STM32_IR_ANN-eps-converted-to.pdf Graphic file (type pdf)
<use STM32_IR_ANN-eps-converted-to.pdf>
Package pdftex.def Info: STM32_IR_ANN-eps-converted-to.pdf  used on input line 
358.
(pdftex.def)             Requested size: 224.03743pt x 149.54323pt.
<A4_carto11_.pdf, id=562, 842.02483pt x 578.71034pt>
File: A4_carto11_.pdf Graphic file (type pdf)
<use A4_carto11_.pdf>
Package pdftex.def Info: A4_carto11_.pdf  used on input line 365.
(pdftex.def)             Requested size: 224.03743pt x 153.97563pt.
Package epstopdf Info: Source file: <grounding.eps>
(epstopdf)                    date: 2024-04-09 07:24:10
(epstopdf)                    size: 311893 bytes
(epstopdf)             Output file: <grounding-eps-converted-to.pdf>
(epstopdf)                    date: 2024-04-09 09:29:39
(epstopdf)                    size: 166723 bytes
(epstopdf)             Command: <repstopdf --outfile=grounding-eps-converted-to
.pdf grounding.eps>
(epstopdf)             \includegraphics on input line 372.
Package epstopdf Info: Output file is already uptodate.
<grounding-eps-converted-to.pdf, id=563, 404.51125pt x 216.81pt>
File: grounding-eps-converted-to.pdf Graphic file (type pdf)
<use grounding-eps-converted-to.pdf>
Package pdftex.def Info: grounding-eps-converted-to.pdf  used on input line 372
.
(pdftex.def)             Requested size: 224.03743pt x 120.07954pt.
<A4_carto3_.pdf, id=564, 837.31448pt x 554.55821pt>
File: A4_carto3_.pdf Graphic file (type pdf)
<use A4_carto3_.pdf>
Package pdftex.def Info: A4_carto3_.pdf  used on input line 387.
(pdftex.def)             Requested size: 224.03743pt x 148.37881pt.
Package epstopdf Info: Source file: <drawing_grounding.eps>
(epstopdf)                    date: 2024-04-09 07:24:10
(epstopdf)                    size: 29922 bytes
(epstopdf)             Output file: <drawing_grounding-eps-converted-to.pdf>
(epstopdf)                    date: 2024-04-09 09:29:39
(epstopdf)                    size: 12594 bytes
(epstopdf)             Command: <repstopdf --outfile=drawing_grounding-eps-conv
erted-to.pdf drawing_grounding.eps>
(epstopdf)             \includegraphics on input line 394.
Package epstopdf Info: Output file is already uptodate.
<drawing_grounding-eps-converted-to.pdf, id=565, 551.05875pt x 545.03625pt>
File: drawing_grounding-eps-converted-to.pdf Graphic file (type pdf)
<use drawing_grounding-eps-converted-to.pdf>
Package pdftex.def Info: drawing_grounding-eps-converted-to.pdf  used on input 
line 394.
(pdftex.def)             Requested size: 224.03743pt x 221.58676pt.
 [9 <./STM32_IR_ANN-eps-converted-to.pdf> <./A4_carto11_.pdf> <./grounding-eps-
converted-to.pdf>] [10 <./A4_carto3_.pdf> <./drawing_grounding-eps-converted-to
.pdf>]
Underfull \hbox (badness 4713) in paragraph at lines 437--438
[]\OT1/ptm/m/n/9 Cheng K., Khak-i-firooz A. Fully de-pleted SOI (FD-
 []


** Conference Paper **
Before submitting the final camera ready copy, remember to:

 1. Manually equalize the lengths of two columns on the last page
 of your paper;

 2. Ensure that any PostScript and/or PDF output post-processing
 uses only Type 1 fonts and that every step in the generation
 process uses the appropriate paper size.

[11

] (./main.aux)

LaTeX Warning: There were multiply-defined labels.

 ) 
Here is how much of TeX's memory you used:
 5818 strings out of 476034
 100256 string characters out of 5792864
 1875388 words of memory out of 6000000
 26198 multiletter control sequences out of 15000+600000
 545833 words of font info for 90 fonts, out of 8000000 for 9000
 1140 hyphenation exceptions out of 8191
 69i,25n,79p,1305b,351s stack positions out of 10000i,1000n,20000p,200000b,200000s
</usr/share/texlive/texmf-dist/fonts/type1/public/amsfonts/cm/cmex10.pfb></us
r/share/texlive/texmf-dist/fonts/type1/public/amsfonts/cm/cmmi10.pfb></usr/shar
e/texlive/texmf-dist/fonts/type1/public/amsfonts/cm/cmmi5.pfb></usr/share/texli
ve/texmf-dist/fonts/type1/public/amsfonts/cm/cmmi6.pfb></usr/share/texlive/texm
f-dist/fonts/type1/public/amsfonts/cm/cmmi7.pfb></usr/share/texlive/texmf-dist/
fonts/type1/public/amsfonts/cm/cmmi8.pfb></usr/share/texlive/texmf-dist/fonts/t
ype1/public/amsfonts/cm/cmr10.pfb></usr/share/texlive/texmf-dist/fonts/type1/pu
blic/amsfonts/cm/cmr6.pfb></usr/share/texlive/texmf-dist/fonts/type1/public/ams
fonts/cm/cmr7.pfb></usr/share/texlive/texmf-dist/fonts/type1/public/amsfonts/cm
/cmr8.pfb></usr/share/texlive/texmf-dist/fonts/type1/public/amsfonts/cm/cmsy10.
pfb></usr/share/texlive/texmf-dist/fonts/type1/public/amsfonts/cm/cmsy5.pfb></u
sr/share/texlive/texmf-dist/fonts/type1/public/amsfonts/cm/cmsy7.pfb></usr/shar
e/texlive/texmf-dist/fonts/type1/public/amsfonts/cm/cmsy8.pfb></usr/share/texli
ve/texmf-dist/fonts/type1/public/cm-super/sfrm0800.pfb></usr/share/texlive/texm
f-dist/fonts/type1/public/cm-super/sfrm1000.pfb></usr/share/texlive/texmf-dist/
fonts/type1/urw/times/utmb8a.pfb></usr/share/texlive/texmf-dist/fonts/type1/urw
/times/utmbi8a.pfb></usr/share/texlive/texmf-dist/fonts/type1/urw/times/utmr8a.
pfb></usr/share/texlive/texmf-dist/fonts/type1/urw/times/utmri8a.pfb>
Output written on main.pdf (11 pages, 9454685 bytes).
PDF statistics:
 720 PDF objects out of 1000 (max. 8388607)
 446 compressed objects within 5 object streams
 0 named destinations out of 1000 (max. 500000)
 76 words of extra memory for PDF output out of 10000 (max. 10000000)

